<html>
<head>
<title>TestNG:  AccountBasket</title>
<link href="../testng.css" rel="stylesheet" type="text/css" />
<link href="../my-testng.css" rel="stylesheet" type="text/css" />

<style type="text/css">
.log { display: none;} 
.stack-trace { display: none;} 
</style>
<script type="text/javascript">
<!--
function flip(e) {
  current = e.style.display;
  if (current == 'block') {
    e.style.display = 'none';
    return 0;
  }
  else {
    e.style.display = 'block';
    return 1;
  }
}

function toggleBox(szDivId, elem, msg1, msg2)
{
  var res = -1;  if (document.getElementById) {
    res = flip(document.getElementById(szDivId));
  }
  else if (document.all) {
    // this is the way old msie versions work
    res = flip(document.all[szDivId]);
  }
  if(elem) {
    if(res == 0) elem.innerHTML = msg1; else elem.innerHTML = msg2;
  }

}

function toggleAllBoxes() {
  if (document.getElementsByTagName) {
    d = document.getElementsByTagName('div');
    for (i = 0; i < d.length; i++) {
      if (d[i].className == 'log') {
        flip(d[i]);
      }
    }
  }
}

// -->
</script>

</head>
<body>
<h2 align='center'>AccountBasket</h2><table border='1' align="center">
<tr>
<td>Tests passed/Failed/Skipped:</td><td>8/1/0</td>
</tr><tr>
<td>Started on:</td><td>Wed Jun 23 12:46:29 IST 2021</td>
</tr>
<tr><td>Total time:</td><td>853 seconds (853520 ms)</td>
</tr><tr>
<td>Included groups:</td><td></td>
</tr><tr>
<td>Excluded groups:</td><td></td>
</tr>
</table><p/>
<small><i>(Hover the method name to see the test class name)</i></small><p/>
<table width='100%' border='1' class='invocation-failed'>
<tr><td colspan='4' align='center'><b>FAILED TESTS</b></td></tr>
<tr><td><b>Test method</b></td>
<td width="30%"><b>Exception</b></td>
<td width="10%"><b>Time (seconds)</b></td>
<td><b>Instance</b></td>
</tr>
<tr>
<td title='com.sarvika.ShopStarTestAutomation.AccountBasket.testLogout()'><b>testLogout</b><br>Test class: com.sarvika.ShopStarTestAutomation.AccountBasket</td>
<td><div><pre>org.openqa.selenium.NoSuchElementException: Unable to locate element: //li[@id=&apos;welcome-data&apos;]//i[1]
For documentation on this error, please visit: https://www.seleniumhq.org/exceptions/no_such_element.html
Build info: version: &apos;3.141.59&apos;, revision: &apos;e82be7d358&apos;, time: &apos;2018-11-14T08:17:03&apos;
System info: host: &apos;DESKTOP-PIUBL5A&apos;, ip: &apos;192.168.0.106&apos;, os.name: &apos;Windows 10&apos;, os.arch: &apos;amd64&apos;, os.version: &apos;10.0&apos;, java.version: &apos;15.0.1&apos;
Driver info: org.openqa.selenium.firefox.FirefoxDriver
Capabilities {acceptInsecureCerts: true, browserName: firefox, browserVersion: 89.0.1, javascriptEnabled: true, moz:accessibilityChecks: false, moz:buildID: 20210614221319, moz:geckodriverVersion: 0.26.0, moz:headless: false, moz:processID: 16592, moz:profile: C:\Users\Deepak Sharma\AppD..., moz:shutdownTimeout: 60000, moz:useNonSpecCompliantPointerOrigin: false, moz:webdriverClick: true, pageLoadStrategy: normal, platform: WINDOWS, platformName: WINDOWS, platformVersion: 10.0, setWindowRect: true, strictFileInteractability: false, timeouts: {implicit: 0, pageLoad: 300000, script: 30000}, unhandledPromptBehavior: dismiss and notify}
Session ID: 1331fac1-f8d5-4b07-ae6b-6d65330488c8
*** Element info: {Using=xpath, value=//li[@id=&apos;welcome-data&apos;]//i[1]}
	at java.base/jdk.internal.reflect.NativeConstructorAccessorImpl.newInstance0(Native Method)
	at java.base/jdk.internal.reflect.NativeConstructorAccessorImpl.newInstance(NativeConstructorAccessorImpl.java:64)
	at java.base/jdk.internal.reflect.DelegatingConstructorAccessorImpl.newInstance(DelegatingConstructorAccessorImpl.java:45)
	at java.base/java.lang.reflect.Constructor.newInstanceWithCaller(Constructor.java:500)
	at java.base/java.lang.reflect.Constructor.newInstance(Constructor.java:481)
	at org.openqa.selenium.remote.http.W3CHttpResponseCodec.createException(W3CHttpResponseCodec.java:187)
	at org.openqa.selenium.remote.http.W3CHttpResponseCodec.decode(W3CHttpResponseCodec.java:122)
	at org.openqa.selenium.remote.http.W3CHttpResponseCodec.decode(W3CHttpResponseCodec.java:49)
	at org.openqa.selenium.remote.HttpCommandExecutor.execute(HttpCommandExecutor.java:158)
	at org.openqa.selenium.remote.service.DriverCommandExecutor.execute(DriverCommandExecutor.java:83)
	at org.openqa.selenium.remote.RemoteWebDriver.execute(RemoteWebDriver.java:552)
	at org.openqa.selenium.remote.RemoteWebDriver.findElement(RemoteWebDriver.java:323)
	at org.openqa.selenium.remote.RemoteWebDriver.findElementByXPath(RemoteWebDriver.java:428)
	at org.openqa.selenium.By$ByXPath.findElement(By.java:353)
	at org.openqa.selenium.remote.RemoteWebDriver.findElement(RemoteWebDriver.java:315)
	at com.sarvika.ShopStarTestAutomation.Util.webElementClickByXpath(Util.java:197)
	at com.sarvika.ShopStarTestAutomation.AccountBasket.testLogout(AccountBasket.java:291)
	at java.base/jdk.internal.reflect.NativeMethodAccessorImpl.invoke0(Native Method)
	at java.base/jdk.internal.reflect.NativeMethodAccessorImpl.invoke(NativeMethodAccessorImpl.java:64)
	at java.base/jdk.internal.reflect.DelegatingMethodAccessorImpl.invoke(DelegatingMethodAccessorImpl.java:43)
	at java.base/java.lang.reflect.Method.invoke(Method.java:564)
	at org.testng.internal.MethodInvocationHelper.invokeMethod(MethodInvocationHelper.java:132)
	at org.testng.internal.TestInvoker.invokeMethod(TestInvoker.java:599)
	at org.testng.internal.TestInvoker.invokeTestMethod(TestInvoker.java:174)
	at org.testng.internal.MethodRunner.runInSequence(MethodRunner.java:46)
	at org.testng.internal.TestInvoker$MethodInvocationAgent.invoke(TestInvoker.java:822)
	at org.testng.internal.TestInvoker.invokeTestMethods(TestInvoker.java:147)
	at org.testng.internal.TestMethodWorker.invokeTestMethods(TestMethodWorker.java:146)
	at org.testng.internal.TestMethodWorker.run(TestMethodWorker.java:128)
	at java.base/java.util.ArrayList.forEach(ArrayList.java:1511)
	at org.testng.TestRunner.privateRun(TestRunner.java:764)
	at org.testng.TestRunner.run(TestRunner.java:585)
	at org.testng.SuiteRunner.runTest(SuiteRunner.java:384)
	at org.testng.SuiteRunner.runSequentially(SuiteRunner.java:378)
	at org.testng.SuiteRunner.privateRun(SuiteRunner.java:337)
	at org.testng.SuiteRunner.run(SuiteRunner.java:286)
	at org.testng.SuiteRunnerWorker.runSuite(SuiteRunnerWorker.java:53)
	at org.testng.SuiteRunnerWorker.run(SuiteRunnerWorker.java:96)
	at org.testng.TestNG.runSuitesSequentially(TestNG.java:1218)
	at org.testng.TestNG.runSuitesLocally(TestNG.java:1140)
	at org.testng.TestNG.runSuites(TestNG.java:1069)
	at org.testng.TestNG.run(TestNG.java:1037)
	at org.testng.remote.AbstractRemoteTestNG.run(AbstractRemoteTestNG.java:115)
	at org.testng.remote.RemoteTestNG.initAndRun(RemoteTestNG.java:251)
	at org.testng.remote.RemoteTestNG.main(RemoteTestNG.java:77)
</pre></div><a href='#' onClick='toggleBox("stack-trace1412392963", this, "Click to show all stack frames", "Click to hide stack frames")'>Click to show all stack frames</a>
<div class='stack-trace' id='stack-trace1412392963'><pre>org.openqa.selenium.NoSuchElementException: Unable to locate element: //li[@id=&apos;welcome-data&apos;]//i[1]
For documentation on this error, please visit: https://www.seleniumhq.org/exceptions/no_such_element.html
Build info: version: &apos;3.141.59&apos;, revision: &apos;e82be7d358&apos;, time: &apos;2018-11-14T08:17:03&apos;
System info: host: &apos;DESKTOP-PIUBL5A&apos;, ip: &apos;192.168.0.106&apos;, os.name: &apos;Windows 10&apos;, os.arch: &apos;amd64&apos;, os.version: &apos;10.0&apos;, java.version: &apos;15.0.1&apos;
Driver info: org.openqa.selenium.firefox.FirefoxDriver
Capabilities {acceptInsecureCerts: true, browserName: firefox, browserVersion: 89.0.1, javascriptEnabled: true, moz:accessibilityChecks: false, moz:buildID: 20210614221319, moz:geckodriverVersion: 0.26.0, moz:headless: false, moz:processID: 16592, moz:profile: C:\Users\Deepak Sharma\AppD..., moz:shutdownTimeout: 60000, moz:useNonSpecCompliantPointerOrigin: false, moz:webdriverClick: true, pageLoadStrategy: normal, platform: WINDOWS, platformName: WINDOWS, platformVersion: 10.0, setWindowRect: true, strictFileInteractability: false, timeouts: {implicit: 0, pageLoad: 300000, script: 30000}, unhandledPromptBehavior: dismiss and notify}
Session ID: 1331fac1-f8d5-4b07-ae6b-6d65330488c8
*** Element info: {Using=xpath, value=//li[@id=&apos;welcome-data&apos;]//i[1]}
	at java.base/jdk.internal.reflect.NativeConstructorAccessorImpl.newInstance0(Native Method)
	at java.base/jdk.internal.reflect.NativeConstructorAccessorImpl.newInstance(NativeConstructorAccessorImpl.java:64)
	at java.base/jdk.internal.reflect.DelegatingConstructorAccessorImpl.newInstance(DelegatingConstructorAccessorImpl.java:45)
	at java.base/java.lang.reflect.Constructor.newInstanceWithCaller(Constructor.java:500)
	at java.base/java.lang.reflect.Constructor.newInstance(Constructor.java:481)
	at org.openqa.selenium.remote.http.W3CHttpResponseCodec.createException(W3CHttpResponseCodec.java:187)
	at org.openqa.selenium.remote.http.W3CHttpResponseCodec.decode(W3CHttpResponseCodec.java:122)
	at org.openqa.selenium.remote.http.W3CHttpResponseCodec.decode(W3CHttpResponseCodec.java:49)
	at org.openqa.selenium.remote.HttpCommandExecutor.execute(HttpCommandExecutor.java:158)
	at org.openqa.selenium.remote.service.DriverCommandExecutor.execute(DriverCommandExecutor.java:83)
	at org.openqa.selenium.remote.RemoteWebDriver.execute(RemoteWebDriver.java:552)
	at org.openqa.selenium.remote.RemoteWebDriver.findElement(RemoteWebDriver.java:323)
	at org.openqa.selenium.remote.RemoteWebDriver.findElementByXPath(RemoteWebDriver.java:428)
	at org.openqa.selenium.By$ByXPath.findElement(By.java:353)
	at org.openqa.selenium.remote.RemoteWebDriver.findElement(RemoteWebDriver.java:315)
	at com.sarvika.ShopStarTestAutomation.Util.webElementClickByXpath(Util.java:197)
	at com.sarvika.ShopStarTestAutomation.AccountBasket.testLogout(AccountBasket.java:291)
	at java.base/jdk.internal.reflect.NativeMethodAccessorImpl.invoke0(Native Method)
	at java.base/jdk.internal.reflect.NativeMethodAccessorImpl.invoke(NativeMethodAccessorImpl.java:64)
	at java.base/jdk.internal.reflect.DelegatingMethodAccessorImpl.invoke(DelegatingMethodAccessorImpl.java:43)
	at java.base/java.lang.reflect.Method.invoke(Method.java:564)
	at org.testng.internal.MethodInvocationHelper.invokeMethod(MethodInvocationHelper.java:132)
	at org.testng.internal.TestInvoker.invokeMethod(TestInvoker.java:599)
	at org.testng.internal.TestInvoker.invokeTestMethod(TestInvoker.java:174)
	at org.testng.internal.MethodRunner.runInSequence(MethodRunner.java:46)
	at org.testng.internal.TestInvoker$MethodInvocationAgent.invoke(TestInvoker.java:822)
	at org.testng.internal.TestInvoker.invokeTestMethods(TestInvoker.java:147)
	at org.testng.internal.TestMethodWorker.invokeTestMethods(TestMethodWorker.java:146)
	at org.testng.internal.TestMethodWorker.run(TestMethodWorker.java:128)
	at java.base/java.util.ArrayList.forEach(ArrayList.java:1511)
	at org.testng.TestRunner.privateRun(TestRunner.java:764)
	at org.testng.TestRunner.run(TestRunner.java:585)
	at org.testng.SuiteRunner.runTest(SuiteRunner.java:384)
	at org.testng.SuiteRunner.runSequentially(SuiteRunner.java:378)
	at org.testng.SuiteRunner.privateRun(SuiteRunner.java:337)
	at org.testng.SuiteRunner.run(SuiteRunner.java:286)
	at org.testng.SuiteRunnerWorker.runSuite(SuiteRunnerWorker.java:53)
	at org.testng.SuiteRunnerWorker.run(SuiteRunnerWorker.java:96)
	at org.testng.TestNG.runSuitesSequentially(TestNG.java:1218)
	at org.testng.TestNG.runSuitesLocally(TestNG.java:1140)
	at org.testng.TestNG.runSuites(TestNG.java:1069)
	at org.testng.TestNG.run(TestNG.java:1037)
	at org.testng.remote.AbstractRemoteTestNG.run(AbstractRemoteTestNG.java:115)
	at org.testng.remote.RemoteTestNG.initAndRun(RemoteTestNG.java:251)
	at org.testng.remote.RemoteTestNG.main(RemoteTestNG.java:77)
</pre></div></td>
<td>188</td>
<td>com.sarvika.ShopStarTestAutomation.AccountBasket@15aab8c6</td></tr>
</table><p>
<table width='100%' border='1' class='invocation-passed'>
<tr><td colspan='4' align='center'><b>PASSED TESTS</b></td></tr>
<tr><td><b>Test method</b></td>
<td width="30%"><b>Exception</b></td>
<td width="10%"><b>Time (seconds)</b></td>
<td><b>Instance</b></td>
</tr>
<tr>
<td title='com.sarvika.ShopStarTestAutomation.AccountBasket.testAccountOptions()'><b>testAccountOptions</b><br>Test class: com.sarvika.ShopStarTestAutomation.AccountBasket<br/>
<a href="#Output-1866340787" onClick='toggleBox("Output-1866340787", this, "Show output", "Hide output");'>Show output</a>

<a href="#Output-1866340787" onClick="toggleAllBoxes();">Show all outputs</a>
<div class='log' id="Output-1866340787">
View Orders found Successfully<br/>
Shipping Address found Successfully<br/>
Change Password found Successfully<br/>
Account basket link open Successfully<br/>
</div>
</td>
<td></td>
<td>49</td>
<td>com.sarvika.ShopStarTestAutomation.AccountBasket@15aab8c6</td></tr>
<tr>
<td title='com.sarvika.ShopStarTestAutomation.AccountBasket.testBasketOptions()'><b>testBasketOptions</b><br>Test class: com.sarvika.ShopStarTestAutomation.AccountBasket<br/>
<a href="#Output-1479177802" onClick='toggleBox("Output-1479177802", this, "Show output", "Hide output");'>Show output</a>

<a href="#Output-1479177802" onClick="toggleAllBoxes();">Show all outputs</a>
<div class='log' id="Output-1479177802">
CFAH02 Cart clicked Successfully<br/>
CFAH02 PROCEED TO SECURE CHECKOUT clicked Successfully<br/>
CFAH02 Enter product quantity updated Successfully<br/>
CFAH02 Checkout Successfully<br/>
</div>
</td>
<td></td>
<td>45</td>
<td>com.sarvika.ShopStarTestAutomation.AccountBasket@15aab8c6</td></tr>
<tr>
<td title='com.sarvika.ShopStarTestAutomation.AccountBasket.testCheckOut()'><b>testCheckOut</b><br>Test class: com.sarvika.ShopStarTestAutomation.AccountBasket<br/>
<a href="#Output-1932484688" onClick='toggleBox("Output-1932484688", this, "Show output", "Hide output");'>Show output</a>

<a href="#Output-1932484688" onClick="toggleAllBoxes();">Show all outputs</a>
<div class='log' id="Output-1932484688">
Checkout Successfully<br/>
</div>
</td>
<td></td>
<td>136</td>
<td>com.sarvika.ShopStarTestAutomation.AccountBasket@15aab8c6</td></tr>
<tr>
<td title='com.sarvika.ShopStarTestAutomation.AccountBasket.testLogin()'><b>testLogin</b><br>Test class: com.sarvika.ShopStarTestAutomation.AccountBasket<br/>
<a href="#Output-1633566545" onClick='toggleBox("Output-1633566545", this, "Show output", "Hide output");'>Show output</a>

<a href="#Output-1633566545" onClick="toggleAllBoxes();">Show all outputs</a>
<div class='log' id="Output-1633566545">
Login again Successful<br/>
</div>
</td>
<td></td>
<td>3</td>
<td>com.sarvika.ShopStarTestAutomation.AccountBasket@15aab8c6</td></tr>
<tr>
<td title='com.sarvika.ShopStarTestAutomation.AccountBasket.testMyAccountViewOrderConfirmation()'><b>testMyAccountViewOrderConfirmation</b><br>Test class: com.sarvika.ShopStarTestAutomation.AccountBasket<br/>
<a href="#Output-1572929405" onClick='toggleBox("Output-1572929405", this, "Show output", "Hide output");'>Show output</a>

<a href="#Output-1572929405" onClick="toggleAllBoxes();">Show all outputs</a>
<div class='log' id="Output-1572929405">
Trace Order found Successfully<br/>
</div>
</td>
<td></td>
<td>26</td>
<td>com.sarvika.ShopStarTestAutomation.AccountBasket@15aab8c6</td></tr>
<tr>
<td title='com.sarvika.ShopStarTestAutomation.AccountBasket.testOrderConfirmation()'><b>testOrderConfirmation</b><br>Test class: com.sarvika.ShopStarTestAutomation.AccountBasket<br/>
<a href="#Output-1082579195" onClick='toggleBox("Output-1082579195", this, "Show output", "Hide output");'>Show output</a>

<a href="#Output-1082579195" onClick="toggleAllBoxes();">Show all outputs</a>
<div class='log' id="Output-1082579195">
Order Confirmation Successfully<br/>
</div>
</td>
<td></td>
<td>0</td>
<td>com.sarvika.ShopStarTestAutomation.AccountBasket@15aab8c6</td></tr>
<tr>
<td title='com.sarvika.ShopStarTestAutomation.AccountBasket.testPlaceOrder()'><b>testPlaceOrder</b><br>Test class: com.sarvika.ShopStarTestAutomation.AccountBasket<br/>
<a href="#Output-1871362568" onClick='toggleBox("Output-1871362568", this, "Show output", "Hide output");'>Show output</a>

<a href="#Output-1871362568" onClick="toggleAllBoxes();">Show all outputs</a>
<div class='log' id="Output-1871362568">
Place Order skipped<br/>
</div>
</td>
<td></td>
<td>102</td>
<td>com.sarvika.ShopStarTestAutomation.AccountBasket@15aab8c6</td></tr>
<tr>
<td title='com.sarvika.ShopStarTestAutomation.AccountBasket.testToAddItem()'><b>testToAddItem</b><br>Test class: com.sarvika.ShopStarTestAutomation.AccountBasket</td>
<td></td>
<td>282</td>
<td>com.sarvika.ShopStarTestAutomation.AccountBasket@15aab8c6</td></tr>
</table><p>
</body>
</html>